1590774744869	mozrunner::runner	INFO	Running command: "C:\\Program Files (x86)\\Mozilla Firefox\\firefox.exe" "-marionette" "-foreground" "-no-remote" "-profile" "C:\\Users\\THANOFT\\AppData\\Local\\Temp\\rust_mozprofilejPsr21"
JavaScript error: resource://gre/modules/XULStore.jsm, line 66: Error: Can't find profile directory.
1590774758744	Marionette	INFO	Listening on port 6863
1590774759123	Marionette	WARN	TLS certificate errors will be ignored for this session
1590774760591	Marionette	ERROR	[24] No reply from Marionette:Register
1590774773074	mozrunner::runner	INFO	Running command: "C:\\Program Files (x86)\\Mozilla Firefox\\firefox.exe" "-marionette" "-foreground" "-no-remote" "-profile" "C:\\Users\\THANOFT\\AppData\\Local\\Temp\\rust_mozprofile9j4Nw5"
JavaScript error: resource://gre/modules/XULStore.jsm, line 66: Error: Can't find profile directory.
1590774778427	Marionette	INFO	Listening on port 6924
1590774778518	Marionette	WARN	TLS certificate errors will be ignored for this session
1590774848951	Marionette	INFO	Stopped listening on port 6924

###!!! [Child][RunMessage] Error: Channel closing: too late to send/recv, messages will be lost


###!!! [Child][MessageChannel::SendAndWait] Error: Channel error: cannot send/recv

1590818054769	mozrunner::runner	INFO	Running command: "C:\\Program Files (x86)\\Mozilla Firefox\\firefox.exe" "-marionette" "-foreground" "-no-remote" "-profile" "C:\\Users\\THANOFT\\AppData\\Local\\Temp\\rust_mozprofile1NWDKD"
JavaScript error: resource://gre/modules/XULStore.jsm, line 66: Error: Can't find profile directory.
1590818058079	Marionette	INFO	Listening on port 23385
1590818058499	Marionette	WARN	TLS certificate errors will be ignored for this session
1590818299982	Marionette	INFO	Stopped listening on port 23385

###!!! [Child][MessageChannel::SendAndWait] Error: Channel error: cannot send/recv

"-profile" "C:\\Users\\THANOFT\\AppData\\Local\\Temp\\rust_mozprofile8Qmnsp"
JavaScript error: resource://gre/modules/XULStore.jsm, line 66: Error: Can't find profile directory.
1590818262327	Marionette	INFO	Listening on port 23514
1590818262357	Marionette	WARN	TLS certificate errors will be ignored for this session
1590818296275	mozrunner::runner	INFO	Running command: "C:\\Program Files (x86)\\Mozilla Firefox\\fire1590818296483	Marionette	INFO	Stopped listening on port 23514

###!!! [Child][RunMessage] Error: Channel closing: too late toJavaScript error: resource://gre/modules/XULStore.jsm, line 66: Error: Can't find profile directory.
1590818301027	Marionette	INFO	Listening on port 23588
1590818301201	Marionette	WARN	TLS certificate errors will be ignored for this session

###!!! [Child][MessageChannel] Error: (msgtype=0x59000D,name=PHttpChannel::Msg_DeletingChannel) Channel closing: too late to send/recv, messages will be lost


###!!! [Child][MessageChannel] Error: (msgtype=0x59000D,name=PHJavaScript error: resource://gre/modules/XULStore.jsm, line 66: Error: Can't find profile directory.
1590818360204	Marionette	INFO	Listening on port 23663
1590818360528	Marionette	WARN	TLS certificate errors will be ignored for this session

###!!! [Child][MessageChannel] Error: (msgtype=0x59000D,name=PHttpChannel::Msg_DeletingChannel) Channel closing: too late to send/recv, messages will be lost


###!!! [Child][MessageChannel] Error: (msgtype=0x59000D,name=PHttpChannel::Msg_DeletingChannel) Channel closing: too late to send/recv, messages will be lost


###!!! [Child][RunMessage] Error: Channel closing: too late to send/recv, messages will be lost


###!!! [Child][RunMessage] Error: Channel closing: too late to send/recv, messages will be lost

1590818371676	Marionette	INFO	Stopped listening on port 23663

###!!! [Child][RunMessage] Error: Channel closing: too late to send/recv, messages will be lost


###!!! [Child][MessageChannel::SendAndWait] Error: Channel error: cannot send/recv

endAndWait] Error: Channel error: cannot send/recv

1590818445044	mozrunner::runner	INFO	Running command: "C:\\Program Files (x86)\\Mozilla Firefox\\firefox.exe" "-marionette" "-foreground" "-no-remote" "-profile" "C:\\Users\\THANOFT\\AppData\\Local\\Temp\\rust_mozprofileuIknuc"
JavaScript error: resource://gre/modules/XULStore.jsm, line 66: Error: Can't find profile directory.
1590818448479	Marionette	INFO	Listening on port 23735
1590818448784	Marionette	WARN	TLS certificate errors will be ignored for this session
1590818485826	Marionette	INFO	Stopped listening on port 23735

###!!! [Child][RunMessage] Error: Channel closing: too late to send/recv, messages will be lost


###!!! [Child][MessageChannel::SendAndWait] Error: Channel error: cannot send/recv

1590818495504	mozrunner::runner	INFO	Running command: "C:\\Program Files (x86)\\Mozilla Firefox\\firefox.exe" "-marionette" "-foreground" "-no-remote" "-profile" "C:\\Users\\THANOFT\\AppData\\Local\\Temp\\rust_mozprofileOCEvzq"
JavaScript error: resource://gre/modules/XULStore.jsm, line 66: Error: Can't find profile directory.
1590818499063	Marionette	INFO	Listening on port 23804
1590818499251	Marionette	WARN	TLS certificate errors will be ignored for this session
1590818530278	Marionette	INFO	Stopped listening on port 23804

###!!! [Child][RunMessage] Error: Channel closing: too late to send/recv, messages will be lost


###!!! [Child][MessageChannel::SendAndWait] Error: Channel errJavaScript error: resource://gre/modules/XULStore.jsm, line 66: Error: Can't find profile directory.
1590818533824	Marionette	INFO	Listening on port 23867
1590818533934	Marionette	WARN	TLS certificate errors will be ignored for this session
1590818624288	mozrunner::runner	INFO	Running command: "C:\\Program Files (x86)\\Mozilla Firefox\\firefox.exe" "-marionette" "-foreground" "-no-remote" "-profile" "C:\\Users\\THANOFT\\AppData\\Local\\Temp\\rust_mozprofilenp0Bxc"
JavaScript error: resource://gre/modules/XULStore.jsm, line 66: Error: Can't find profile directory.
1590818627716	Marionette	INFO	Listening on port 23941
1590818628028	Marionette	WARN	TLS certificate errors will be ignored for this session
1590818650279	Marionette	INFO	Stopped listening on port 23941

###!!! [Child][RunMessage] Error: Channel closing: too late to send/recv, messages will be lost


###!!! [Child][MessageChannel::SendAndWait] Error: Channel error: cannot send/recv

1590818670105	mozrunner::runner	INFO	Running command: "C:\\Program Files (x86)\\Mozilla Firefox\\firefox.exe" "-marionette" "-foreground" "-no-remote" "-profile" "C:\\Users\\THANOFT\\AppData\\Local\\Temp\\rust_mozprofilezwIJ4G"
JavaScript error: resource://gre/modules/XULStore.jsm, line 66: Error: Can't find profile directory.
1590818673568	Marionette	INFO	Listening on port 24015
1590818673805	Marionette	WARN	TLS certificate errors will be ignored for this session
console.error: "Store does not have a valid reducer. Make sure the argument passed to combineReducers is an object whose values are reducers."
console.warn: LoginRecipes: "getRecipes: falling back to a synchronous message for:" "https://www.facebook.com"
console.warn: services.settings: Signature verified failed for main/search-config. Retry from scratch
console.error: "stylesheets actor: fetch failed for https://static.xx.fbcdn.net/rsrc.php/v3/yo/l/0,cross/dLtzwbKT-9e.css?_nc_x=Ij3Wp8lg5Kz, using system principal instead."
console.error: "stylesheets actor: fetch failed for https://static.xx.fbcdn.net/rsrc.php/v3/yo/l/0,cross/dLtzwbKT-9e.css?_nc_x=Ij3Wp8lg5Kz, using system principal instead."
console.error: "Error while calling actor 'pagestyle's method 'getApplied'" "Failed to fetch https://static.xx.fbcdn.net/rsrc.php/v3/yo/l/0,cross/dLtzwbKT-9e.css?_nc_x=Ij3Wp8lg5Kz. Code 2152398878."
console.error: "onResponse@resource://devtools/shared/DevToolsUtils.js:547:16\nonStopRequest@resource://gre/modules/NetUtil.jsm:128:18\n"
console.error: (new Error("Protocol error (unknownError): Failed to fetch https://static.xx.fbcdn.net/rsrc.php/v3/yo/l/0,cross/dLtzwbKT-9e.css?_nc_x=Ij3Wp8lg5Kz. Code 2152398878. from: server0.conn0.child2/pagestyle25", "resource://devtools/shared/protocol/Front.js", 319))
console.error: (new Error("Protocol error (unknownError): Failed to fetch https://static.xx.fbcdn.net/rsrc.php/v3/yo/l/0,cross/dLtzwbKT-9e.css?_nc_x=Ij3Wp8lg5Kz. Code 2152398878. from: server0.conn0.child2/pagestyle25", "resource://devtools/shared/protocol/Front.js", 319))
console.error: (new Error("Protocol error (unknownError): Failed to fetch https://static.xx.fbcdn.net/rsrc.php/v3/yo/l/0,cross/dLtzwbKT-9e.css?_nc_x=Ij3Wp8lg5Kz. Code 2152398878. from: server0.conn0.child2/pagestyle25", "resource://devtools/shared/protocol/Front.js", 319))
console.error: "Error while calling actor 'pagestyle's method 'getApplied'" "Failed to fetch https://static.xx.fbcdn.net/rsrc.php/v3/yo/l/0,cross/dLtzwbKT-9e.css?_nc_x=Ij3Wp8lg5Kz. Code 2152398878."
console.error: "onResponse@resource://devtools/shared/DevToolsUtils.js:547:16\nonStopRequest@resource://gre/modules/NetUtil.jsm:128:18\n"
console.error: (new Error("Protocol error (unknownError): Failed to fetch https://static.xx.fbcdn.net/rsrc.php/v3/yo/l/0,cross/dLtzwbKT-9e.css?_nc_x=Ij3Wp8lg5Kz. Code 2152398878. from: server0.conn0.child2/pagestyle25", "resource://devtools/shared/protocol/Front.js", 319))
console.error: "stylesheets actor: fetch failed for https://static.xx.fbcdn.net/rsrc.php/v3/yo/l/0,cross/dLtzwbKT-9e.css?_nc_x=Ij3Wp8lg5Kz, using system principal instead."
console.error: "stylesheets actor: fetch failed for https://static.xx.fbcdn.net/rsrc.php/v3/yo/l/0,cross/dLtzwbKT-9e.css?_nc_x=Ij3Wp8lg5Kz, using system principal instead."
console.error: "Error while calling actor 'pagestyle's method 'getApplied'" "Failed to fetch https://static.xx.fbcdn.net/rsrc.php/v3/yo/l/0,cross/dLtzwbKT-9e.css?_nc_x=Ij3Wp8lg5Kz. Code 2152398878."
console.error: "onResponse@resource://devtools/shared/DevToolsUtils.js:547:16\nonStopRequest@resource://gre/modules/NetUtil.jsm:128:18\n"
console.error: "Error while calling actor 'pagestyle's method 'getApplied'" "Failed to fetch https://static.xx.fbcdn.net/rsrc.php/v3/yo/l/0,cross/dLtzwbKT-9e.css?_nc_x=Ij3Wp8lg5Kz. Code 2152398878."
console.error: "onResponse@resource://devtools/shared/DevToolsUtils.js:547:16\nonStopRequest@resource://gre/modules/NetUtil.jsm:128:18\n"
console.error: (new Error("Protocol error (unknownError): Failed to fetch https://static.xx.fbcdn.net/rsrc.php/v3/yo/l/0,cross/dLtzwbKT-9e.css?_nc_x=Ij3Wp8lg5Kz. Code 2152398878. from: server0.conn0.child2/pagestyle25", "resource://devtools/shared/protocol/Front.js", 319))
console.error: (new Error("Protocol error (unknownError): Failed to fetch https://static.xx.fbcdn.net/rsrc.php/v3/yo/l/0,cross/dLtzwbKT-9e.css?_nc_x=Ij3Wp8lg5Kz. Code 2152398878. from: server0.conn0.child2/pagestyle25", "resource://devtools/shared/protocol/Front.js", 319))
console.error: (new Error("Protocol error (unknownError): Failed to fetch https://static.xx.fbcdn.net/rsrc.php/v3/yo/l/0,cross/dLtzwbKT-9e.css?_nc_x=Ij3Wp8lg5Kz. Code 2152398878. from: server0.conn0.child2/pagestyle25", "resource://devtools/shared/protocol/Front.js", 319))
console.error: (new Error("Protocol error (unknownError): Failed to fetch https://static.xx.fbcdn.net/rsrc.php/v3/yo/l/0,cross/dLtzwbKT-9e.css?_nc_x=Ij3Wp8lg5Kz. Code 2152398878. from: server0.conn0.child2/pagestyle25", "resource://devtools/shared/protocol/Front.js", 319))
console.error: "stylesheets actor: fetch failed for https://static.xx.fbcdn.net/rsrc.php/v3/yo/l/0,cross/dLtzwbKT-9e.css?_nc_x=Ij3Wp8lg5Kz, using system principal instead."
console.error: "Error while calling actor 'pagestyle's method 'getApplied'" "Failed to fetch https://static.xx.fbcdn.net/rsrc.php/v3/yo/l/0,cross/dLtzwbKT-9e.css?_nc_x=Ij3Wp8lg5Kz. Code 2152398878."
console.error: "onResponse@resource://devtools/shared/DevToolsUtils.js:547:16\nonStopRequest@resource://gre/modules/NetUtil.jsm:128:18\n"
console.error: (new Error("Protocol error (unknownError): Failed to fetch https://static.xx.fbcdn.net/rsrc.php/v3/yo/l/0,cross/dLtzwbKT-9e.css?_nc_x=Ij3Wp8lg5Kz. Code 2152398878. from: server0.conn0.child2/pagestyle25", "resource://devtools/shared/protocol/Front.js", 319))

###!!! [Child][RunMessage] Error: Channel closing: too late to send/recv, messages will be lost


###!!! [Child][RunMessage] Error: Channel closing: too late to send/recv, messages will be lost

1590821814940	Marionette	INFO	Stopped listening on port 24015

###!!! [Child][RunMessage] Error: Channel closing: too late to send/recv, messages will be lost


###!!! [Child][MessageChannel::SendAndWait] Error: Channel error: cannot send/recv

1590819354087	Marionette	INFO	Stopped listening on port 24524

###!!! [Child][RunMessage] Error: Channel closing: too late to send/recv, messages will be lost


###!!! [Child][MessageChannel::SendAndWait] Error: Channel error: cannot send/recv

1590819419475	mozrunner::runner	INFO	Running command: "C:\\Program Files (x86)\\Mozilla Firefox\\firefox.exe" "-marionette" "-foreground" "-no-remote" "-profile" "C:\\Users\\THANOFT\\AppData\\Local\\Temp\\rust_mozprofileLzg43c"
JavaScript error: resource://gre/modules/XULStore.jsm, line 66: Error: Can't find profile directory.
1590819423138	Marionette	INFO	Listening on port 24585
1590819423233	Marionette	WARN	TLS certificate errors will be ignored for this session
1590819434933	Marionette	INFO	Stopped listening on port 24585

###!!! [Child][RunMessage] Error: Channel closing: too late to send/recv, messages will be lost


###!!! [Child][MessageChannel::SendAndWait] Error: Channel error: cannot send/recv

1590819643306	mozrunner::runner	INFO	Running command: "C:\\Program Files (x86)\\Mozilla Firefox\\firefox.exe" "-marionette" "-foreground" "-no-remote" "-profile" "C:\\Users\\THANOFT\\AppData\\Local\\Temp\\rust_mozprofileNM4RXy"
JavaScript error: resource://gre/modules/XULStore.jsm, line 66: Error: Can't find profile directory.
1590819646488	Marionette	INFO	Listening on port 24704
1590819646514	Marionette	WARN	TLS certificate errors will be ignored for this session
JavaScript error: resource://gre/actors/AutoCompleteChild.jsm, line 196: Error: Invalid autocomplete selectedIndex
1590819650716	Marionette	INFO	Stopped listening on port 24704

###!!! [Child][RunMessage] Error: Channel closing: too late to send/recv, messages will be lost


###!!! [Child][MessageChannel::SendAndWait] Error: Channel error: cannot send/recv

1590819665285	mozrunner::runner	INFO	Running command: "C:\\Program Files (x86)\\Mozilla Firefox\\firefox.exe" "-marionette" "-foreground" "-no-remote" "-profile" "C:\\Users\\THANOFT\\AppData\\Local\\Temp\\rust_mozprofiler9OXXO"
JavaScript error: resource://gre/modules/XULStore.jsm, line 66: Error: Can't find profile directory.
1590819668630	Marionette	INFO	Listening on port 24756
1590819668989	Marionette	WARN	TLS certificate errors will be ignored for this session
1590819675658	Marionette	INFO	Stopped listening on port 24756

###!!! [Child][RunMessage] Error: Channel closing: too late to send/recv, messages will be lost


###!!! [Child][MessageChannel::SendAndWait] Error: Channel error: cannot send/recv

1590819700722	mozrunner::runner	INFO	Running command: "C:\\Program Files (x86)\\Mozilla Firefox\\firefox.exe" "-marionette" "-foreground" "-no-remote" "-profile" "C:\\Users\\THANOFT\\AppData\\Local\\Temp\\rust_mozprofile5uxb1u"
JavaScript error: resource://gre/modules/XULStore.jsm, line 66: Error: Can't find profile directory.
1590819703913	Marionette	INFO	Listening on port 24814
1590819703952	Marionette	WARN	TLS certificate errors will be ignored for this session
JavaScript error: resource://gre/modules/UrlClassifierListManager.jsm, line 691: TypeError: this.tablesData[table] is undefined
1590819709590	Marionette	INFO	Stopped listening on port 24814

###!!! [Child][RunMessage] Error: Channel closing: too late to send/recv, messages will be lost


###!!! [Child][MessageChannel::SendAndWait] Error: Channel error: cannot send/recv

1590819721350	mozrunner::runner	INFO	Running command: "C:\\Program Files (x86)\\Mozilla Firefox\\firefox.exe" "-marionette" "-foreground" "-no-remote" "-profile" "C:\\Users\\THANOFT\\AppData\\Local\\Temp\\rust_mozprofilek5mfp7"
JavaScript error: resource://gre/modules/XULStore.jsm, line 66: Error: Can't find profile directory.
1590819724482	Marionette	INFO	Listening on port 24870
1590819724594	Marionette	WARN	TLS certificate errors will be ignored for this session
JavaScript error: resource://gre/modules/UrlClassifierListManager.jsm, line 691: TypeError: this.tablesData[table] is undefined
1590819730012	Marionette	INFO	Stopped listening on port 24870

###!!! [Child][RunMessage] Error: Channel closing: too late to send/recv, messages will be lost


###!!! [Child][MessageChannel::SendAndWait] Error: Channel error: cannot send/recv

1590819815334	mozrunner::runner	INFO	Running command: "C:\\Program Files (x86)\\Mozilla Firefox\\firefox.exe" "-marionette" "-foreground" "-no-remote" "-profile" "C:\\Users\\THANOFT\\AppData\\Local\\Temp\\rust_mozprofileYmAaxY"
JavaScript error: resource://gre/modules/XULStore.jsm, line 66: Error: Can't find profile directory.
1590819819089	Marionette	INFO	Listening on port 24940
1590819819574	Marionette	WARN	TLS certificate errors will be ignored for this session
1590819826912	Marionette	INFO	Stopped listening on port 24940

###!!! [Child][RunMessage] Error: Channel closing: too late to send/recv, messages will be lost


###!!! [Child][MessageChannel::SendAndWait] Error: Channel error: cannot send/recv

1590819833220	mozrunner::runner	INFO	Running command: "C:\\Program Files (x86)\\Mozilla Firefox\\firefox.exe" "-marionette" "-foreground" "-no-remote" "-profile" "C:\\Users\\THANOFT\\AppData\\Local\\Temp\\rust_mozprofile6KrDF0"
JavaScript error: resource://gre/modules/XULStore.jsm, line 66: Error: Can't find profile directory.
1590819836411	Marionette	INFO	Listening on port 25001
1590819836462	Marionette	WARN	TLS certificate errors will be ignored for this session

###!!! [Child][RunMessage] Error: Channel closing: too late to send/recv, messages will be lost


###!!! [Child][RunMessage] Error: Channel closing: too late to send/recv, messages will be lost

1590819853623	Marionette	INFO	Stopped listening on port 25001

###!!! [Child][RunMessage] Error: Channel closing: too late to send/recv, messages will be lost


###!!! [Child][MessageChannel::SendAndWait] Error: Channel error: cannot send/recv

1590820604175	mozrunner::runner	INFO	Running command: "C:\\Program Files (x86)\\Mozilla Firefox\\firefox.exe" "-marionette" "-foreground" "-no-remote" "-profile" "C:\\Users\\THANOFT\\AppData\\Local\\Temp\\rust_mozprofilekDqvOj"
JavaScript error: resource://gre/modules/XULStore.jsm, line 66: Error: Can't find profile directory.
1590820607691	Marionette	INFO	Listening on port 25094
1590820607913	Marionette	WARN	TLS certificate errors will be ignored for this session
1590820634681	Marionette	INFO	Stopped listening on port 25094

###!!! [Child][RunMessage] Error: Channel closing: too late to send/recv, messages will be lost


###!!! [Child][MessageChannel::SendAndWait] Error: Channel error: cannot send/recv

1590820640764	mozrunner::runner	INFO	Running command: "C:\\Program Files (x86)\\Mozilla Firefox\\firefox.exe" "-marionette" "-foreground" "-no-remote" "-profile" "C:\\Users\\THANOFT\\AppData\\Local\\Temp\\rust_mozprofile8tgCaZ"
JavaScript error: resource://gre/modules/XULStore.jsm, line 66: Error: Can't find profile directory.
1590820644467	Marionette	INFO	Listening on port 25139
1590820644500	Marionette	WARN	TLS certificate errors will be ignored for this session
console.warn: LoginRecipes: "getRecipes: falling back to a synchronous message for:" "https://www.facebook.com"
1590820684079	Marionette	INFO	Stopped listening on port 25139

###!!! [Child][RunMessage] Error: Channel closing: too late to send/recv, messages will be lost


###!!! [Child][MessageChannel::SendAndWait] Error: Channel error: cannot send/recv

1590820754390	mozrunner::runner	INFO	Running command: "C:\\Program Files (x86)\\Mozilla Firefox\\firefox.exe" "-marionette" "-foreground" "-no-remote" "-profile" "C:\\Users\\THANOFT\\AppData\\Local\\Temp\\rust_mozprofilepRDO7j"
JavaScript error: resource://gre/modules/XULStore.jsm, line 66: Error: Can't find profile directory.
1590820757969	Marionette	INFO	Listening on port 25218
1590820758114	Marionette	WARN	TLS certificate errors will be ignored for this session
console.warn: LoginRecipes: "getRecipes: falling back to a synchronous message for:" "https://www.facebook.com"
console.error: "Store does not have a valid reducer. Make sure the argument passed to combineReducers is an object whose values are reducers."
1590820785690	Marionette	INFO	Stopped listening on port 25218

###!!! [Child][RunMessage] Error: Channel closing: too late to send/recv, messages will be lost


###!!! [Child][MessageChannel::SendAndWait] Error: Channel error: cannot send/recv

1590820825129	mozrunner::runner	INFO	Running command: "C:\\Program Files (x86)\\Mozilla Firefox\\firefox.exe" "-marionette" "-foreground" "-no-remote" "-profile" "C:\\Users\\THANOFT\\AppData\\Local\\Temp\\rust_mozprofileWvovMf"
JavaScript error: resource://gre/modules/XULStore.jsm, line 66: Error: Can't find profile directory.
1590820828821	Marionette	INFO	Listening on port 25292
1590820828860	Marionette	WARN	TLS certificate errors will be ignored for this session

###!!! [Child][RunMessage] Error: Channel closing: too late to send/recv, messages will be lost

1590820853782	Marionette	INFO	Stopped listening on port 25292

###!!! [Child][RunMessage] Error: Channel closing: too late to send/recv, messages will be lost


###!!! [Child][MessageChannel::SendAndWait] Error: Channel error: cannot send/recv

1590820875796	mozrunner::runner	INFO	Running command: "C:\\Program Files (x86)\\Mozilla Firefox\\firefox.exe" "-marionette" "-foreground" "-no-remote" "-profile" "C:\\Users\\THANOFT\\AppData\\Local\\Temp\\rust_mozprofileXolteO"
JavaScript error: resource://gre/modules/XULStore.jsm, line 66: Error: Can't find profile directory.
1590820879123	Marionette	INFO	Listening on port 25360
1590820879471	Marionette	WARN	TLS certificate errors will be ignored for this session
1590820901776	mozrunner::runner	INFO	Running command: "C:\\Program Files (x86)\\Mozilla Firefox\\firefox.exe" "-marionette" "-foreground" "-no-remote" "-profile" "C:\\Users\\THANOFT\\AppData\\Local\\Temp\\rust_mozprofileAviMM9"
JavaScript error: resource://gre/modules/XULStore.jsm, line 66: Error: Can't find profile directory.
1590820905743	Marionette	INFO	Listening on port 25427
1590820905976	Marionette	WARN	TLS certificate errors will be ignored for this session
console.warn: LoginRecipes: "getRecipes: falling back to a synchronous message for:" "https://www.facebook.com"
console.error: "Store does not have a valid reducer. Make sure the argument passed to combineReducers is an object whose values are reducers."

###!!! [Child][MessageChannel] Error: (msgtype=0x59000D,name=PHttpChannel::Msg_DeletingChannel) Channel closing: too late to send/recv, messages will be lost


###!!! [Child][MessageChannel] Error: (msgtype=0x59000D,name=PHttpChannel::Msg_DeletingChannel) Channel closing: too late to send/recv, messages will be lost

1590820935567	Marionette	INFO	Stopped listening on port 25427

###!!! [Child][MessageChannel::SendAndWait] Error: Channel error: cannot send/recv

1590821363769	mozrunner::runner	INFO	Running command: "C:\\Program Files (x86)\\Mozilla Firefox\\firefox.exe" "-marionette" "-foreground" "-no-remote" "-profile" "C:\\Users\\THANOFT\\AppData\\Local\\Temp\\rust_mozprofileLhzSEI"
JavaScript error: resource://gre/modules/XULStore.jsm, line 66: Error: Can't find profile directory.
1590821367096	Marionette	INFO	Listening on port 25552
1590821367484	Marionette	WARN	TLS certificate errors will be ignored for this session

###!!! [Child][RunMessage] Error: Channel closing: too late to send/recv, messages will be lost


###!!! [Child][RunMessage] Error: Channel closing: too late to send/recv, messages will be lost


###!!! [Child][RunMessage] Error: Channel closing: too late to send/recv, messages will be lost

1590821416669	Marionette	INFO	Stopped listening on port 25552

###!!! [Child][RunMessage] Error: Channel closing: too late to send/recv, messages will be lost


###!!! [Child][MessageChannel::SendAndWait] Error: Channel error: cannot send/recv

1590821428433	mozrunner::runner	INFO	Running command: "C:\\Program Files (x86)\\Mozilla Firefox\\firefox.exe" "-marionette" "-foreground" "-no-remote" "-profile" "C:\\Users\\THANOFT\\AppData\\Local\\Temp\\rust_mozprofilePLhc6r"
JavaScript error: resource://gre/modules/XULStore.jsm, line 66: Error: Can't find profile directory.
1590821431763	Marionette	INFO	Listening on port 25626
1590821432141	Marionette	WARN	TLS certificate errors will be ignored for this session

###!!! [Child][MessageChannel] Error: (msgtype=0x59000D,name=PHttpChannel::Msg_DeletingChannel) Channel closing: too late to send/recv, messages will be lost


###!!! [Child][RunMessage] Error: Channel closing: too late to send/recv, messages will be lost

1590821451095	Marionette	INFO	Stopped listening on port 25626

###!!! [Child][RunMessage] Error: Channel closing: too late to send/recv, messages will be lost


###!!! [Child][MessageChannel::SendAndWait] Error: Channel error: cannot send/recv

1590821665565	mozrunner::runner	INFO	Running command: "C:\\Program Files (x86)\\Mozilla Firefox\\firefox.exe" "-marionette" "-foreground" "-no-remote" "-profile" "C:\\Users\\THANOFT\\AppData\\Local\\Temp\\rust_mozprofileiqbqGK"
JavaScript error: resource://gre/modules/XULStore.jsm, line 66: Error: Can't find profile directory.
1590821669028	Marionette	INFO	Listening on port 25715
1590821669265	Marionette	WARN	TLS certificate errors will be ignored for this session
1590821787296	Marionette	INFO	Stopped listening on port 25715

###!!! [Child][RunMessage] Error: Channel closing: too late to send/recv, messages will be lost


###!!! [Child][MessageChannel::SendAndWait] Error: Channel errJavaScript error: resource://gre/modules/XULStore.jsm, line 66: Error: Can't find profile directory.
1590821790419	Marionette	INFO	Listening on port 25802
1590821790894	Marionette	WARN	TLS certificate errors will be ignored for this session
console.warn: services.settings: Signature verified failed for main/search-config. Retry from scratch
console.error: "Store does not have a valid reducer. Make sure the argument passed to combineReducers is an object whose values are reducers."
1590822804032	mozrunner::runner	INFO	Running command: "C:\\Program Files (x86)\\Mozilla Firefox\\firefox.exe" "-marionette" "-foreground" "-no-remote" "-profile" "C:\\Users\\THANOFT\\AppData\\Local\\Temp\\rust_mozprofileESemot"
JavaScript error: resource://gre/modules/XULStore.jsm, line 66: Error: Can't find profile directory.
1590822807741	Marionette	INFO	Listening on port 25923
1590822807763	Marionette	WARN	TLS certificate errors will be ignored for this session
1590822824575	Marionette	INFO	Stopped listening on port 25923

###!!! [Child][RunMessage] Error: Channel closing: too late to send/recv, messages will be lost


###!!! [Child][MessageChannel::SendAndWait] Error: Channel error: cannot send/recv

1590822879810	mozrunner::runner	INFO	Running command: "C:\\Program Files (x86)\\Mozilla Firefox\\firefox.exe" "-marionette" "-foreground" "-no-remote" "-profile" "C:\\Users\\THANOFT\\AppData\\Local\\Temp\\rust_mozprofile5UhhLf"
JavaScript error: resource://gre/modules/XULStore.jsm, line 66: Error: Can't find profile directory.
1590822883257	Marionette	INFO	Listening on port 25996
1590822883504	Marionette	WARN	TLS certificate errors will be ignored for this session
console.error: "Store does not have a valid reducer. Make sure the argument passed to combineReducers is an object whose values are reducers."
*************************
A coding exception was thrown in a Promise resolution callback.
See https://developer.mozilla.org/Mozilla/JavaScript_code_modules/Promise.jsm/Promise

Full message: TypeError: container.editor is undefined
Full stack: showNode/<@resource://devtools/client/inspector/markup/markup.js:1573:9
process@resource://gre/modules/Promise-backend.js:961:38
walkerLoop@resource://gre/modules/Promise-backend.js:845:29
scheduleWalkerLoop/<@resource://gre/modules/Promise-backend.js:778:14

*************************
console.error: (new TypeError("container.editor is undefined", "resource://devtools/client/inspector/markup/markup.js", 1573))
*************************
A coding exception was thrown in a Promise resolution callback.
See https://developer.mozilla.org/Mozilla/JavaScript_code_modules/Promise.jsm/Promise

Full message: TypeError: container.editor is undefined
Full stack: showNode/<@resource://devtools/client/inspector/markup/markup.js:1573:9
process@resource://gre/modules/Promise-backend.js:961:38
walkerLoop@resource://gre/modules/Promise-backend.js:845:29
scheduleWalkerLoop/<@resource://gre/modules/Promise-backend.js:778:14

*************************
console.error: (new TypeError("container.editor is undefined", "resource://devtools/client/inspector/markup/markup.js", 1573))

###!!! [Child][RunMessage] Error: Channel closing: too late to send/recv, messages will be lost

1590822914352	Marionette	INFO	Stopped listening on port 25996

###!!! [Child][RunMessage] Error: Channel closing: too late to send/recv, messages will be lost


###!!! [Child][MessageChannel::SendAndWait] Error: Channel error: cannot send/recv

1590822921456	mozrunner::runner	INFO	Running command: "C:\\Program Files (x86)\\Mozilla Firefox\\firefox.exe" "-marionette" "-foreground" "-no-remote" "-profile" "C:\\Users\\THANOFT\\AppData\\Local\\Temp\\rust_mozprofile1e6mCs"
JavaScript error: resource://gre/modules/XULStore.jsm, line 66: Error: Can't find profile directory.
1590822925251	Marionette	INFO	Listening on port 26067
1590822925628	Marionette	WARN	TLS certificate errors will be ignored for this session

###!!! [Child][MessageChannel] Error: (msgtype=0x59000D,name=PHttpChannel::Msg_DeletingChannel) Channel closing: too late to send/recv, messages will be lost


###!!! [Child][MessageChannel] Error: (msgtype=0x59000D,name=PHttpChannel::Msg_DeletingChannel) Channel closing: too late to send/recv, messages will be lost

1590822951976	Marionette	INFO	Stopped listening on port 26067

###!!! [Child][RunMessage] Error: Channel closing: too late to send/recv, messages will be lost


###!!! [Child][MessageChannel::SendAndWait] Error: Channel error: cannot send/recv

1590823036365	mozrunner::runner	INFO	Running command: "C:\\Program Files (x86)\\Mozilla Firefox\\firefox.exe" "-marionette" "-foreground" "-no-remote" "-profile" "C:\\Users\\THANOFT\\AppData\\Local\\Temp\\rust_mozprofilezaZe87"
JavaScript error: resource://gre/modules/XULStore.jsm, line 66: Error: Can't find profile directory.
1590823039758	Marionette	INFO	Listening on port 26143
1590823040060	Marionette	WARN	TLS certificate errors will be ignored for this session
1590823078594	mozrunner::runner	INFO	Running command: "C:\\Program Files (x86)\\Mozilla Firefox\\firefox.exe" "-marionette" "-foreground" "-no-remote" "-profile" "C:\\Users\\THANOFT\\AppData\\Local\\Temp\\rust_mozprofilehHpoMG"
JavaScript error: resource://gre/modules/XULStore.jsm, line 66: Error: Can't find profile directory.
1590823082047	Marionette	INFO	Listening on port 26214
1590823082288	Marionette	WARN	TLS certificate errors will be ignored for this session
1590823092971	Marionette	INFO	Stopped listening on port 26214

###!!! [Child][RunMessage] Error: Channel closing: too late to send/recv, messages will be lost


###!!! [Child][MessageChannel::SendAndWait] Error: Channel error: cannot send/recv

